<?xml version="1.0" encoding="UTF-8"?>
<!-- Generated by org.testng.reporters.JUnitReportReporter -->
<testsuite skipped="0" hostname="RSI1535" name="br.com.rsinet.mobile.appium.testes.TestePesquisaPorLupa" tests="2" failures="0" timestamp="07 Feb 2020 19:12:55 GMT" time="93.312" errors="0">
  <testcase name="pesquisa2Produto_valido" time="53.537" classname="br.com.rsinet.mobile.appium.testes.TestePesquisaPorLupa"/>
  <testcase name="pesquisa1Produto_Invalido" time="39.775" classname="br.com.rsinet.mobile.appium.testes.TestePesquisaPorLupa"/>
</testsuite> <!-- br.com.rsinet.mobile.appium.testes.TestePesquisaPorLupa -->
