<?xml version="1.0" encoding="UTF-8"?>
<!-- Generated by org.testng.reporters.JUnitReportReporter -->
<testsuite skipped="0" hostname="RSI1535" name="br.com.rsinet.mobile.appium.testes.TestePesquisaPorLupa" tests="2" failures="0" timestamp="04 Feb 2020 20:55:17 GMT" time="67.582" errors="0">
  <testcase name="pesquisa1Produto_Invalido" time="32.380" classname="br.com.rsinet.mobile.appium.testes.TestePesquisaPorLupa"/>
  <testcase name="pesquisa2Produto_valido" time="35.202" classname="br.com.rsinet.mobile.appium.testes.TestePesquisaPorLupa"/>
</testsuite> <!-- br.com.rsinet.mobile.appium.testes.TestePesquisaPorLupa -->
