<?xml version="1.0" encoding="UTF-8"?>
<!-- Generated by org.testng.reporters.JUnitReportReporter -->
<testsuite skipped="0" hostname="RSI1535" name="br.com.rsinet.mobile.appium.testes.TesteTelaPrincipal" tests="2" failures="0" timestamp="04 Feb 2020 15:36:22 GMT" time="86.623" errors="0">
  <testcase name="teste2" time="47.861" classname="br.com.rsinet.mobile.appium.testes.TesteTelaPrincipal"/>
  <testcase name="teste1" time="38.762" classname="br.com.rsinet.mobile.appium.testes.TesteTelaPrincipal"/>
</testsuite> <!-- br.com.rsinet.mobile.appium.testes.TesteTelaPrincipal -->
