<?xml version="1.0" encoding="UTF-8"?>
<!-- Generated by org.testng.reporters.JUnitReportReporter -->
<testsuite skipped="0" hostname="RSI1535" name="br.com.rsinet.mobile.appium.testes.TestePesquisaPorLupa" tests="2" failures="0" timestamp="09 Feb 2020 02:51:43 GMT" time="75.535" errors="0">
  <testcase name="pesquisa2Produto_valido" time="41.544" classname="br.com.rsinet.mobile.appium.testes.TestePesquisaPorLupa"/>
  <testcase name="pesquisa1Produto_Invalido" time="33.991" classname="br.com.rsinet.mobile.appium.testes.TestePesquisaPorLupa"/>
</testsuite> <!-- br.com.rsinet.mobile.appium.testes.TestePesquisaPorLupa -->
