<?xml version="1.0" encoding="UTF-8"?>
<!-- Generated by org.testng.reporters.JUnitReportReporter -->
<testsuite skipped="0" hostname="RSI1535" name="testes.TesteTelaPrincipal" tests="1" failures="0" timestamp="02 Feb 2020 19:05:11 GMT" time="37.210" errors="0">
  <testcase name="teste1" time="37.210" classname="testes.TesteTelaPrincipal"/>
</testsuite> <!-- testes.TesteTelaPrincipal -->
