<?xml version="1.0" encoding="UTF-8"?>
<!-- Generated by org.testng.reporters.JUnitReportReporter -->
<testsuite skipped="0" hostname="RSI1535" name="br.com.rsinet.mobile.appium.testes.TesteTelaPrincipal" tests="2" failures="0" timestamp="07 Feb 2020 19:12:55 GMT" time="112.004" errors="0">
  <testcase name="pesquisa1ProdutoValidoTelaPrincipal" time="51.824" classname="br.com.rsinet.mobile.appium.testes.TesteTelaPrincipal"/>
  <testcase name="pesquisa2Produtocom45itensnocarinho" time="60.180" classname="br.com.rsinet.mobile.appium.testes.TesteTelaPrincipal"/>
</testsuite> <!-- br.com.rsinet.mobile.appium.testes.TesteTelaPrincipal -->
