<?xml version="1.0" encoding="UTF-8"?>
<!-- Generated by org.testng.reporters.JUnitReportReporter -->
<testsuite skipped="0" hostname="RSI1535" name="br.com.rsinet.mobile.appium.testes.TesteTelaPrincipal" tests="1" failures="0" timestamp="03 Feb 2020 20:05:20 GMT" time="41.448" errors="0">
  <testcase name="teste1" time="41.448" classname="br.com.rsinet.mobile.appium.testes.TesteTelaPrincipal"/>
</testsuite> <!-- br.com.rsinet.mobile.appium.testes.TesteTelaPrincipal -->
