<?xml version="1.0" encoding="UTF-8"?>
<!-- Generated by org.testng.reporters.JUnitReportReporter -->
<testsuite skipped="0" hostname="RSI1535" name="br.com.rsinet.mobile.appium.testes.TesteCadastro" tests="2" failures="0" timestamp="09 Feb 2020 04:56:51 GMT" time="127.766" errors="0">
  <testcase name="cadastro1Valido" time="60.316" classname="br.com.rsinet.mobile.appium.testes.TesteCadastro"/>
  <testcase name="cadastro2Invalido" time="67.450" classname="br.com.rsinet.mobile.appium.testes.TesteCadastro"/>
</testsuite> <!-- br.com.rsinet.mobile.appium.testes.TesteCadastro -->
