<?xml version="1.0" encoding="UTF-8"?>
<!-- Generated by org.testng.reporters.JUnitReportReporter -->
<testsuite skipped="0" hostname="RSI1535" name="br.com.rsinet.mobile.appium.testes.TesteTelaPrincipalPositivo" tests="1" failures="0" timestamp="04 Feb 2020 20:11:27 GMT" time="46.225" errors="0">
  <testcase name="teste" time="46.225" classname="br.com.rsinet.mobile.appium.testes.TesteTelaPrincipalPositivo"/>
</testsuite> <!-- br.com.rsinet.mobile.appium.testes.TesteTelaPrincipalPositivo -->
