<?xml version="1.0" encoding="UTF-8"?>
<!-- Generated by org.testng.reporters.JUnitReportReporter -->
<testsuite skipped="0" hostname="RSI1535" name="br.com.rsinet.mobile.appium.testes.TestePesquisaPorLupaNegativo" tests="1" failures="0" timestamp="04 Feb 2020 18:33:46 GMT" time="42.356" errors="0">
  <testcase name="teste" time="42.356" classname="br.com.rsinet.mobile.appium.testes.TestePesquisaPorLupaNegativo"/>
</testsuite> <!-- br.com.rsinet.mobile.appium.testes.TestePesquisaPorLupaNegativo -->
