<?xml version="1.0" encoding="UTF-8"?>
<!-- Generated by org.testng.reporters.JUnitReportReporter -->
<testsuite skipped="0" hostname="RSI1535" name="br.com.rsinet.mobile.appium.testes.TesteTelaPrincipalNegativo" tests="1" failures="0" timestamp="04 Feb 2020 17:48:06 GMT" time="50.309" errors="0">
  <testcase name="teste" time="50.309" classname="br.com.rsinet.mobile.appium.testes.TesteTelaPrincipalNegativo"/>
</testsuite> <!-- br.com.rsinet.mobile.appium.testes.TesteTelaPrincipalNegativo -->
