<?xml version="1.0" encoding="UTF-8"?>
<!-- Generated by org.testng.reporters.JUnitReportReporter -->
<testsuite skipped="0" hostname="RSI1535" name="br.com.AppiumMobile.TesteTelaPrincipal" tests="1" failures="0" timestamp="02 Feb 2020 16:39:30 GMT" time="115.223" errors="0">
  <testcase name="teste1" time="115.223" classname="br.com.AppiumMobile.TesteTelaPrincipal"/>
</testsuite> <!-- br.com.AppiumMobile.TesteTelaPrincipal -->
