<?xml version="1.0" encoding="UTF-8"?>
<!-- Generated by org.testng.reporters.JUnitReportReporter -->
<testsuite skipped="0" hostname="RSI1535" name="br.com.rsinet.mobile.appium.testes.TestePesquisaPorLupaNegativo" tests="2" failures="0" timestamp="04 Feb 2020 19:09:36 GMT" time="96.815" errors="0">
  <testcase name="pesquisa1Produto_Invalido" time="50.797" classname="br.com.rsinet.mobile.appium.testes.TestePesquisaPorLupaNegativo"/>
  <testcase name="pesquisa2Produto_valido" time="46.018" classname="br.com.rsinet.mobile.appium.testes.TestePesquisaPorLupaNegativo"/>
</testsuite> <!-- br.com.rsinet.mobile.appium.testes.TestePesquisaPorLupaNegativo -->
