<?xml version="1.0" encoding="UTF-8"?>
<!-- Generated by org.testng.reporters.JUnitReportReporter -->
<testsuite skipped="0" hostname="RSI1535" name="br.com.rsinet.mobile.appium.testes.TesteTelaPrincipal" tests="2" failures="0" timestamp="09 Feb 2020 02:51:43 GMT" time="87.626" errors="0">
  <testcase name="pesquisa1ProdutoValidoTelaPrincipal" time="35.060" classname="br.com.rsinet.mobile.appium.testes.TesteTelaPrincipal"/>
  <testcase name="pesquisa2Produtocom45itensnocarinho" time="52.566" classname="br.com.rsinet.mobile.appium.testes.TesteTelaPrincipal"/>
</testsuite> <!-- br.com.rsinet.mobile.appium.testes.TesteTelaPrincipal -->
