<?xml version="1.0" encoding="UTF-8"?>
<!-- Generated by org.testng.reporters.JUnitReportReporter -->
<testsuite skipped="0" hostname="RSI1535" name="br.com.rsinet.mobile.appium.testes.TesteCadastro" tests="2" failures="0" timestamp="04 Feb 2020 21:03:14 GMT" time="167.518" errors="0">
  <testcase name="cadastro" time="102.966" classname="br.com.rsinet.mobile.appium.testes.TesteCadastro"/>
  <testcase name="cadastro1" time="64.552" classname="br.com.rsinet.mobile.appium.testes.TesteCadastro"/>
</testsuite> <!-- br.com.rsinet.mobile.appium.testes.TesteCadastro -->
