<?xml version="1.0" encoding="UTF-8"?>
<!-- Generated by org.testng.reporters.JUnitReportReporter -->
<testsuite skipped="0" hostname="RSI1535" name="br.com.rsinet.mobile.appium.testes.TesteBuscandoProduto" tests="1" failures="0" timestamp="03 Feb 2020 20:05:20 GMT" time="34.342" errors="0">
  <testcase name="pesquisapormassa" time="34.342" classname="br.com.rsinet.mobile.appium.testes.TesteBuscandoProduto"/>
</testsuite> <!-- br.com.rsinet.mobile.appium.testes.TesteBuscandoProduto -->
