<?xml version="1.0" encoding="UTF-8"?>
<!-- Generated by org.testng.reporters.JUnitReportReporter -->
<testsuite skipped="0" hostname="RSI1535" name="br.com.rsinet.mobile.appium.teste.TesteTelaPrincipal" tests="1" failures="0" timestamp="02 Feb 2020 18:54:48 GMT" time="48.639" errors="0">
  <testcase name="teste1" time="48.639" classname="br.com.rsinet.mobile.appium.teste.TesteTelaPrincipal"/>
</testsuite> <!-- br.com.rsinet.mobile.appium.teste.TesteTelaPrincipal -->
