<?xml version="1.0" encoding="UTF-8"?>
<!-- Generated by org.testng.reporters.JUnitReportReporter -->
<testsuite skipped="0" hostname="RSI1535" name="br.com.rsinet.mobile.appium.testes.TesteCadastroNegativo" tests="1" failures="0" timestamp="04 Feb 2020 16:17:59 GMT" time="68.408" errors="0">
  <testcase name="cadastro2" time="68.408" classname="br.com.rsinet.mobile.appium.testes.TesteCadastroNegativo"/>
</testsuite> <!-- br.com.rsinet.mobile.appium.testes.TesteCadastroNegativo -->
